\BOOKMARK [0][-]{chapter.1}{\376\377\0001\000\040\000F\000i\000l\000e\000\040\000I\000n\000d\000e\000x}{}% 1
\BOOKMARK [1][-]{section.1.1}{\376\377\0001\000.\0001\000\040\000F\000i\000l\000e\000\040\000L\000i\000s\000t}{chapter.1}% 2
\BOOKMARK [0][-]{chapter.2}{\376\377\0002\000\040\000F\000i\000l\000e\000\040\000D\000o\000c\000u\000m\000e\000n\000t\000a\000t\000i\000o\000n}{}% 3
\BOOKMARK [1][-]{section.2.1}{\376\377\0002\000.\0001\000\040\000c\000l\000i\000e\000n\000t\000e\000.\000c\000\040\000F\000i\000l\000e\000\040\000R\000e\000f\000e\000r\000e\000n\000c\000e}{chapter.2}% 4
\BOOKMARK [2][-]{subsection.2.1.1}{\376\377\0002\000.\0001\000.\0001\000\040\000D\000e\000t\000a\000i\000l\000e\000d\000\040\000D\000e\000s\000c\000r\000i\000p\000t\000i\000o\000n}{section.2.1}% 5
\BOOKMARK [2][-]{subsection.2.1.2}{\376\377\0002\000.\0001\000.\0002\000\040\000F\000u\000n\000c\000t\000i\000o\000n\000\040\000D\000o\000c\000u\000m\000e\000n\000t\000a\000t\000i\000o\000n}{section.2.1}% 6
\BOOKMARK [3][-]{subsubsection.2.1.2.1}{\376\377\0002\000.\0001\000.\0002\000.\0001\000\040\000h\000o\000w\000t\000o\000\050\000\051}{subsection.2.1.2}% 7
\BOOKMARK [3][-]{subsubsection.2.1.2.2}{\376\377\0002\000.\0001\000.\0002\000.\0002\000\040\000m\000a\000i\000n\000\050\000\051}{subsection.2.1.2}% 8
\BOOKMARK [3][-]{subsubsection.2.1.2.3}{\376\377\0002\000.\0001\000.\0002\000.\0003\000\040\000s\000e\000n\000d\000\137\000e\000r\000r\000o\000r\000\050\000\051}{subsection.2.1.2}% 9
\BOOKMARK [2][-]{subsection.2.1.3}{\376\377\0002\000.\0001\000.\0003\000\040\000V\000a\000r\000i\000a\000b\000l\000e\000\040\000D\000o\000c\000u\000m\000e\000n\000t\000a\000t\000i\000o\000n}{section.2.1}% 10
\BOOKMARK [3][-]{subsubsection.2.1.3.1}{\376\377\0002\000.\0001\000.\0003\000.\0001\000\040\000p\000o\000k\000e\000d\000e\000x}{subsection.2.1.3}% 11
\BOOKMARK [1][-]{section.2.2}{\376\377\0002\000.\0002\000\040\000c\000l\000i\000e\000n\000t\000e\000.\000h\000\040\000F\000i\000l\000e\000\040\000R\000e\000f\000e\000r\000e\000n\000c\000e}{chapter.2}% 12
\BOOKMARK [2][-]{subsection.2.2.1}{\376\377\0002\000.\0002\000.\0001\000\040\000D\000e\000t\000a\000i\000l\000e\000d\000\040\000D\000e\000s\000c\000r\000i\000p\000t\000i\000o\000n}{section.2.2}% 13
\BOOKMARK [2][-]{subsection.2.2.2}{\376\377\0002\000.\0002\000.\0002\000\040\000M\000a\000c\000r\000o\000\040\000D\000e\000f\000i\000n\000i\000t\000i\000o\000n\000\040\000D\000o\000c\000u\000m\000e\000n\000t\000a\000t\000i\000o\000n}{section.2.2}% 14
\BOOKMARK [3][-]{subsubsection.2.2.2.1}{\376\377\0002\000.\0002\000.\0002\000.\0001\000\040\000A\000S\000K\000\137\000P\000O\000K}{subsection.2.2.2}% 15
\BOOKMARK [3][-]{subsubsection.2.2.2.2}{\376\377\0002\000.\0002\000.\0002\000.\0002\000\040\000B\000A\000I\000T}{subsection.2.2.2}% 16
\BOOKMARK [3][-]{subsubsection.2.2.2.3}{\376\377\0002\000.\0002\000.\0002\000.\0003\000\040\000B\000A\000L\000L}{subsection.2.2.2}% 17
\BOOKMARK [3][-]{subsubsection.2.2.2.4}{\376\377\0002\000.\0002\000.\0002\000.\0004\000\040\000B\000U\000F\000F\000\137\000S\000I\000Z\000E}{subsection.2.2.2}% 18
\BOOKMARK [3][-]{subsubsection.2.2.2.5}{\376\377\0002\000.\0002\000.\0002\000.\0005\000\040\000E\000N\000C\000O\000U\000N\000T\000E\000R}{subsection.2.2.2}% 19
\BOOKMARK [3][-]{subsubsection.2.2.2.6}{\376\377\0002\000.\0002\000.\0002\000.\0006\000\040\000E\000N\000D\000\137\000S\000E\000S\000S\000I\000O\000N}{subsection.2.2.2}% 20
\BOOKMARK [3][-]{subsubsection.2.2.2.7}{\376\377\0002\000.\0002\000.\0002\000.\0007\000\040\000E\000R\000R\000O\000R\000\137\000C\000O\000D\000E}{subsection.2.2.2}% 21
\BOOKMARK [3][-]{subsubsection.2.2.2.8}{\376\377\0002\000.\0002\000.\0002\000.\0008\000\040\000E\000S\000C\000A\000P\000E}{subsection.2.2.2}% 22
\BOOKMARK [3][-]{subsubsection.2.2.2.9}{\376\377\0002\000.\0002\000.\0002\000.\0009\000\040\000M\000A\000X\000\137\000P\000O\000K}{subsection.2.2.2}% 23
\BOOKMARK [3][-]{subsubsection.2.2.2.10}{\376\377\0002\000.\0002\000.\0002\000.\0001\0000\000\040\000N\000O}{subsection.2.2.2}% 24
\BOOKMARK [3][-]{subsubsection.2.2.2.11}{\376\377\0002\000.\0002\000.\0002\000.\0001\0001\000\040\000N\000O\000\137\000T\000R\000I\000E\000S}{subsection.2.2.2}% 25
\BOOKMARK [3][-]{subsubsection.2.2.2.12}{\376\377\0002\000.\0002\000.\0002\000.\0001\0002\000\040\000N\000O\000\137\000U\000S\000E\000R}{subsection.2.2.2}% 26
\BOOKMARK [3][-]{subsubsection.2.2.2.13}{\376\377\0002\000.\0002\000.\0002\000.\0001\0003\000\040\000O\000K}{subsection.2.2.2}% 27
\BOOKMARK [3][-]{subsubsection.2.2.2.14}{\376\377\0002\000.\0002\000.\0002\000.\0001\0004\000\040\000P\000O\000K\000E\000D\000E\000X}{subsection.2.2.2}% 28
\BOOKMARK [3][-]{subsubsection.2.2.2.15}{\376\377\0002\000.\0002\000.\0002\000.\0001\0005\000\040\000R\000O\000C\000K}{subsection.2.2.2}% 29
\BOOKMARK [3][-]{subsubsection.2.2.2.16}{\376\377\0002\000.\0002\000.\0002\000.\0001\0006\000\040\000R\000U\000N}{subsection.2.2.2}% 30
\BOOKMARK [3][-]{subsubsection.2.2.2.17}{\376\377\0002\000.\0002\000.\0002\000.\0001\0007\000\040\000S\000E\000R\000V\000\137\000P\000O\000R\000T}{subsection.2.2.2}% 31
\BOOKMARK [3][-]{subsubsection.2.2.2.18}{\376\377\0002\000.\0002\000.\0002\000.\0001\0008\000\040\000S\000U\000C\000C\000E\000S\000S}{subsection.2.2.2}% 32
\BOOKMARK [3][-]{subsubsection.2.2.2.19}{\376\377\0002\000.\0002\000.\0002\000.\0001\0009\000\040\000T\000I\000M\000E\000O\000U\000T}{subsection.2.2.2}% 33
\BOOKMARK [3][-]{subsubsection.2.2.2.20}{\376\377\0002\000.\0002\000.\0002\000.\0002\0000\000\040\000T\000R\000Y\000\137\000U\000S\000E\000R}{subsection.2.2.2}% 34
\BOOKMARK [3][-]{subsubsection.2.2.2.21}{\376\377\0002\000.\0002\000.\0002\000.\0002\0001\000\040\000U\000S\000E\000R}{subsection.2.2.2}% 35
\BOOKMARK [2][-]{subsection.2.2.3}{\376\377\0002\000.\0002\000.\0003\000\040\000F\000u\000n\000c\000t\000i\000o\000n\000\040\000D\000o\000c\000u\000m\000e\000n\000t\000a\000t\000i\000o\000n}{section.2.2}% 36
\BOOKMARK [3][-]{subsubsection.2.2.3.1}{\376\377\0002\000.\0002\000.\0003\000.\0001\000\040\000h\000o\000w\000t\000o\000\050\000\051}{subsection.2.2.3}% 37
\BOOKMARK [3][-]{subsubsection.2.2.3.2}{\376\377\0002\000.\0002\000.\0003\000.\0002\000\040\000s\000e\000n\000d\000\137\000e\000r\000r\000o\000r\000\050\000\051}{subsection.2.2.3}% 38
\BOOKMARK [0][-]{section*.6}{\376\377\000I\000n\000d\000e\000x}{}% 39
